Using pre-set license
Built from '2020.3/china_unity/release' branch; Version is '2020.3.0f1c1 (1e553bf703d9) revision 1987899'; Using compiler version '192528614'; Build Type 'Release'
OS: 'Windows 10 Home; OS build 19041.1052; Version 2004; 64bit' Language: 'zh' Physical Memory: 16335 MB
BatchMode: 1, IsHumanControllingUs: 0, StartBugReporterOnCrash: 0, Is64bit: 1, IsPro: 0

 COMMAND LINE ARGUMENTS:
D:\unity\2020.3.0f1c1\Editor\Unity.exe
-adb2
-batchMode
-noUpm
-name
AssetImportWorker0
-projectPath
E:/UnityProject/MOBAGAME
-logFile
Logs/AssetImportWorker0.log
-srvPort
7960
Successfully changed project path to: E:/UnityProject/MOBAGAME
E:/UnityProject/MOBAGAME
Using Asset Import Pipeline V2.
Refreshing native plugins compatible for Editor in 29.49 ms, found 0 plugins.
Preloading 0 native plugins for Editor in 0.00 ms.
Initialize engine version: 2020.3.0f1c1 (1e553bf703d9)
[Subsystems] Discovering subsystems at path D:/unity/2020.3.0f1c1/Editor/Data/Resources/UnitySubsystems
[Subsystems] Discovering subsystems at path E:/UnityProject/MOBAGAME/Assets
GfxDevice: creating device client; threaded=0
Direct3D:
    Version:  Direct3D 11.0 [level 11.1]
    Renderer: NVIDIA GeForce GTX 1070 Ti (ID=0x1b82)
    Vendor:   
    VRAM:     8079 MB
    Driver:   27.21.14.6079
Initialize mono
Mono path[0] = 'D:/unity/2020.3.0f1c1/Editor/Data/Managed'
Mono path[1] = 'D:/unity/2020.3.0f1c1/Editor/Data/MonoBleedingEdge/lib/mono/unityjit'
Mono config path = 'D:/unity/2020.3.0f1c1/Editor/Data/MonoBleedingEdge/etc'
Using monoOptions --debugger-agent=transport=dt_socket,embedding=1,server=y,suspend=n,address=127.0.0.1:56220
Begin MonoManager ReloadAssembly
Registering precompiled unity dll's ...
Register platform support module: D:/unity/2020.3.0f1c1/Editor/Data/PlaybackEngines/WindowsStandaloneSupport/UnityEditor.WindowsStandalone.Extensions.dll
Registered in 0.001412 seconds.
Native extension for WindowsStandalone target not found
Refreshing native plugins compatible for Editor in 28.48 ms, found 0 plugins.
Preloading 0 native plugins for Editor in 0.00 ms.
Invoked RoslynAnalysisRunner static constructor.
RoslynAnalysisRunner will not be running.
RoslynAnalysisRunner has terminated.
Mono: successfully reloaded assembly
- Completed reload, in  2.154 seconds
Platform modules already initialized, skipping
Registering precompiled user dll's ...
Registered in 0.002229 seconds.
Begin MonoManager ReloadAssembly
Symbol file LoadedFromMemory is not a mono symbol file
Symbol file LoadedFromMemory is not a mono symbol file
Native extension for WindowsStandalone target not found
Refreshing native plugins compatible for Editor in 0.42 ms, found 0 plugins.
Preloading 0 native plugins for Editor in 0.00 ms.
Invoked RoslynAnalysisRunner static constructor.
RoslynAnalysisRunner will not be running.
RoslynAnalysisRunner has terminated.
Mono: successfully reloaded assembly
- Completed reload, in  0.901 seconds
Platform modules already initialized, skipping
========================================================================
Worker process is ready to serve import requests
Launched and connected shader compiler UnityShaderCompiler.exe after 0.05 seconds
Refreshing native plugins compatible for Editor in 0.29 ms, found 0 plugins.
Preloading 0 native plugins for Editor in 0.00 ms.
Unloading 1199 Unused Serialized files (Serialized files now loaded: 0)
System memory in use before: 65.8 MB.
System memory in use after: 65.8 MB.

Unloading 12 unused Assets to reduce memory usage. Loaded Objects now: 1656.
Total: 2.197900 ms (FindLiveObjects: 0.303600 ms CreateObjectMapping: 0.041000 ms MarkObjects: 1.753800 ms  DeleteObjects: 0.097300 ms)

========================================================================
Received Import Request.
  path: Assets/Scripts/Skill/TargetSkill.cs
  artifactKey: Guid(c67b0439658eb2840bd222f02a796886) Importer(815301076,1909f56bfc062723c751e8b465ee728b)
Start importing Assets/Scripts/Skill/TargetSkill.cs using Guid(c67b0439658eb2840bd222f02a796886) Importer(815301076,1909f56bfc062723c751e8b465ee728b)  -> (artifact id: '1ead982edc30a8619ac8d1191b9ef01e') in 0.056777 seconds
  Import took 0.059376 seconds .

========================================================================
Received Prepare
Registering precompiled user dll's ...
Registered in 0.002004 seconds.
Begin MonoManager ReloadAssembly
Symbol file LoadedFromMemory is not a mono symbol file
Symbol file LoadedFromMemory is not a mono symbol file
Native extension for WindowsStandalone target not found
Refreshing native plugins compatible for Editor in 0.29 ms, found 0 plugins.
Preloading 0 native plugins for Editor in 0.00 ms.
Invoked RoslynAnalysisRunner static constructor.
RoslynAnalysisRunner will not be running.
RoslynAnalysisRunner has terminated.
Mono: successfully reloaded assembly
- Completed reload, in  0.807 seconds
Platform modules already initialized, skipping
Refreshing native plugins compatible for Editor in 0.28 ms, found 0 plugins.
Preloading 0 native plugins for Editor in 0.00 ms.
Unloading 1193 Unused Serialized files (Serialized files now loaded: 0)
System memory in use before: 65.6 MB.
System memory in use after: 65.7 MB.

Unloading 7 unused Assets to reduce memory usage. Loaded Objects now: 1659.
Total: 2.200100 ms (FindLiveObjects: 0.153100 ms CreateObjectMapping: 0.028900 ms MarkObjects: 1.998300 ms  DeleteObjects: 0.018700 ms)

========================================================================
Received Prepare
Registering precompiled user dll's ...
Registered in 0.002020 seconds.
Begin MonoManager ReloadAssembly
Symbol file LoadedFromMemory is not a mono symbol file
Symbol file LoadedFromMemory is not a mono symbol file
Native extension for WindowsStandalone target not found
Refreshing native plugins compatible for Editor in 0.28 ms, found 0 plugins.
Preloading 0 native plugins for Editor in 0.00 ms.
Invoked RoslynAnalysisRunner static constructor.
RoslynAnalysisRunner will not be running.
RoslynAnalysisRunner has terminated.
Mono: successfully reloaded assembly
- Completed reload, in  0.751 seconds
Platform modules already initialized, skipping
Refreshing native plugins compatible for Editor in 0.42 ms, found 0 plugins.
Preloading 0 native plugins for Editor in 0.00 ms.
Unloading 1193 Unused Serialized files (Serialized files now loaded: 0)
System memory in use before: 65.7 MB.
System memory in use after: 65.8 MB.

Unloading 7 unused Assets to reduce memory usage. Loaded Objects now: 1662.
Total: 1.962800 ms (FindLiveObjects: 0.216100 ms CreateObjectMapping: 0.038400 ms MarkObjects: 1.684300 ms  DeleteObjects: 0.022800 ms)

========================================================================
Received Prepare
Registering precompiled user dll's ...
Registered in 0.001932 seconds.
Begin MonoManager ReloadAssembly
Symbol file LoadedFromMemory is not a mono symbol file
Symbol file LoadedFromMemory is not a mono symbol file
Native extension for WindowsStandalone target not found
Refreshing native plugins compatible for Editor in 0.30 ms, found 0 plugins.
Preloading 0 native plugins for Editor in 0.00 ms.
Invoked RoslynAnalysisRunner static constructor.
RoslynAnalysisRunner will not be running.
RoslynAnalysisRunner has terminated.
Mono: successfully reloaded assembly
- Completed reload, in  0.791 seconds
Platform modules already initialized, skipping
Refreshing native plugins compatible for Editor in 0.34 ms, found 0 plugins.
Preloading 0 native plugins for Editor in 0.00 ms.
Unloading 1193 Unused Serialized files (Serialized files now loaded: 0)
System memory in use before: 65.7 MB.
System memory in use after: 65.8 MB.

Unloading 7 unused Assets to reduce memory usage. Loaded Objects now: 1665.
Total: 2.470800 ms (FindLiveObjects: 0.227200 ms CreateObjectMapping: 0.041400 ms MarkObjects: 2.168800 ms  DeleteObjects: 0.031600 ms)

========================================================================
Received Prepare
Registering precompiled user dll's ...
Registered in 0.002036 seconds.
Begin MonoManager ReloadAssembly
Symbol file LoadedFromMemory is not a mono symbol file
Symbol file LoadedFromMemory is not a mono symbol file
Native extension for WindowsStandalone target not found
Refreshing native plugins compatible for Editor in 0.28 ms, found 0 plugins.
Preloading 0 native plugins for Editor in 0.00 ms.
Invoked RoslynAnalysisRunner static constructor.
RoslynAnalysisRunner will not be running.
RoslynAnalysisRunner has terminated.
Mono: successfully reloaded assembly
- Completed reload, in  0.730 seconds
Platform modules already initialized, skipping
Refreshing native plugins compatible for Editor in 0.32 ms, found 0 plugins.
Preloading 0 native plugins for Editor in 0.00 ms.
Unloading 1193 Unused Serialized files (Serialized files now loaded: 0)
System memory in use before: 65.7 MB.
System memory in use after: 65.8 MB.

Unloading 7 unused Assets to reduce memory usage. Loaded Objects now: 1668.
Total: 1.668200 ms (FindLiveObjects: 0.139600 ms CreateObjectMapping: 0.027500 ms MarkObjects: 1.484600 ms  DeleteObjects: 0.015400 ms)

========================================================================
Received Prepare
Refreshing native plugins compatible for Editor in 1.48 ms, found 0 plugins.
Preloading 0 native plugins for Editor in 0.00 ms.
Unloading 5 Unused Serialized files (Serialized files now loaded: 0)
System memory in use before: 42.1 MB.
System memory in use after: 42.2 MB.

Unloading 5 unused Assets to reduce memory usage. Loaded Objects now: 1668.
Total: 1.949500 ms (FindLiveObjects: 0.351100 ms CreateObjectMapping: 0.031000 ms MarkObjects: 1.553200 ms  DeleteObjects: 0.013000 ms)

========================================================================
Received Prepare
Registering precompiled user dll's ...
Registered in 0.001948 seconds.
Begin MonoManager ReloadAssembly
Symbol file LoadedFromMemory is not a mono symbol file
Symbol file LoadedFromMemory is not a mono symbol file
Native extension for WindowsStandalone target not found
Refreshing native plugins compatible for Editor in 0.28 ms, found 0 plugins.
Preloading 0 native plugins for Editor in 0.00 ms.
Invoked RoslynAnalysisRunner static constructor.
RoslynAnalysisRunner will not be running.
RoslynAnalysisRunner has terminated.
Mono: successfully reloaded assembly
- Completed reload, in  0.733 seconds
Platform modules already initialized, skipping
Refreshing native plugins compatible for Editor in 0.27 ms, found 0 plugins.
Preloading 0 native plugins for Editor in 0.00 ms.
Unloading 1193 Unused Serialized files (Serialized files now loaded: 0)
System memory in use before: 65.7 MB.
System memory in use after: 65.8 MB.

Unloading 7 unused Assets to reduce memory usage. Loaded Objects now: 1671.
Total: 1.823100 ms (FindLiveObjects: 0.258300 ms CreateObjectMapping: 0.047000 ms MarkObjects: 1.500400 ms  DeleteObjects: 0.016300 ms)

========================================================================
Received Import Request.
  Time since last request: 2348.754498 seconds.
  path: Assets/Resources/UI/UIMain.prefab
  artifactKey: Guid(5b202afcce3c74f47a3ae20a9d803456) Importer(815301076,1909f56bfc062723c751e8b465ee728b)
Start importing Assets/Resources/UI/UIMain.prefab using Guid(5b202afcce3c74f47a3ae20a9d803456) Importer(815301076,1909f56bfc062723c751e8b465ee728b)  -> (artifact id: 'f33dbd4c5864d292283a6baac4a9b61a') in 0.085159 seconds
  Import took 0.087625 seconds .

========================================================================
Received Prepare
Refreshing native plugins compatible for Editor in 1.41 ms, found 0 plugins.
Preloading 0 native plugins for Editor in 0.00 ms.
Unloading 5 Unused Serialized files (Serialized files now loaded: 0)
System memory in use before: 43.2 MB.
System memory in use after: 43.3 MB.

Unloading 8 unused Assets to reduce memory usage. Loaded Objects now: 1673.
Total: 2.152800 ms (FindLiveObjects: 0.173100 ms CreateObjectMapping: 0.027900 ms MarkObjects: 1.923300 ms  DeleteObjects: 0.027400 ms)

========================================================================
Received Prepare
Registering precompiled user dll's ...
Registered in 0.002988 seconds.
Begin MonoManager ReloadAssembly
Symbol file LoadedFromMemory is not a mono symbol file
Symbol file LoadedFromMemory is not a mono symbol file
Native extension for WindowsStandalone target not found
Refreshing native plugins compatible for Editor in 0.40 ms, found 0 plugins.
Preloading 0 native plugins for Editor in 0.00 ms.
Invoked RoslynAnalysisRunner static constructor.
RoslynAnalysisRunner will not be running.
RoslynAnalysisRunner has terminated.
Mono: successfully reloaded assembly
- Completed reload, in  0.837 seconds
Platform modules already initialized, skipping
Refreshing native plugins compatible for Editor in 0.28 ms, found 0 plugins.
Preloading 0 native plugins for Editor in 0.00 ms.
Unloading 1193 Unused Serialized files (Serialized files now loaded: 0)
System memory in use before: 65.8 MB.
System memory in use after: 65.9 MB.

Unloading 7 unused Assets to reduce memory usage. Loaded Objects now: 1676.
Total: 2.596600 ms (FindLiveObjects: 0.481500 ms CreateObjectMapping: 0.059500 ms MarkObjects: 2.035500 ms  DeleteObjects: 0.018800 ms)

========================================================================
Received Prepare
Registering precompiled user dll's ...
Registered in 0.001941 seconds.
Begin MonoManager ReloadAssembly
Symbol file LoadedFromMemory is not a mono symbol file
Symbol file LoadedFromMemory is not a mono symbol file
Native extension for WindowsStandalone target not found
Refreshing native plugins compatible for Editor in 0.28 ms, found 0 plugins.
Preloading 0 native plugins for Editor in 0.00 ms.
Invoked RoslynAnalysisRunner static constructor.
RoslynAnalysisRunner will not be running.
RoslynAnalysisRunner has terminated.
Mono: successfully reloaded assembly
- Completed reload, in  0.742 seconds
Platform modules already initialized, skipping
Refreshing native plugins compatible for Editor in 0.30 ms, found 0 plugins.
Preloading 0 native plugins for Editor in 0.00 ms.
Unloading 1193 Unused Serialized files (Serialized files now loaded: 0)
System memory in use before: 65.8 MB.
System memory in use after: 65.9 MB.

Unloading 7 unused Assets to reduce memory usage. Loaded Objects now: 1679.
Total: 1.922400 ms (FindLiveObjects: 0.164300 ms CreateObjectMapping: 0.029100 ms MarkObjects: 1.710600 ms  DeleteObjects: 0.017300 ms)

========================================================================
Received Prepare
Registering precompiled user dll's ...
Registered in 0.001971 seconds.
Begin MonoManager ReloadAssembly
Symbol file LoadedFromMemory is not a mono symbol file
Symbol file LoadedFromMemory is not a mono symbol file
Native extension for WindowsStandalone target not found
Refreshing native plugins compatible for Editor in 0.29 ms, found 0 plugins.
Preloading 0 native plugins for Editor in 0.00 ms.
Invoked RoslynAnalysisRunner static constructor.
RoslynAnalysisRunner will not be running.
RoslynAnalysisRunner has terminated.
Mono: successfully reloaded assembly
- Completed reload, in  0.948 seconds
Platform modules already initialized, skipping
Refreshing native plugins compatible for Editor in 0.28 ms, found 0 plugins.
Preloading 0 native plugins for Editor in 0.00 ms.
Unloading 1193 Unused Serialized files (Serialized files now loaded: 0)
System memory in use before: 65.8 MB.
System memory in use after: 65.9 MB.

Unloading 7 unused Assets to reduce memory usage. Loaded Objects now: 1682.
Total: 1.606300 ms (FindLiveObjects: 0.178300 ms CreateObjectMapping: 0.030900 ms MarkObjects: 1.382200 ms  DeleteObjects: 0.013700 ms)

========================================================================
Received Prepare
Refreshing native plugins compatible for Editor in 1.38 ms, found 0 plugins.
Preloading 0 native plugins for Editor in 0.00 ms.
Unloading 5 Unused Serialized files (Serialized files now loaded: 0)
System memory in use before: 42.3 MB.
System memory in use after: 42.4 MB.

Unloading 5 unused Assets to reduce memory usage. Loaded Objects now: 1682.
Total: 1.701700 ms (FindLiveObjects: 0.186200 ms CreateObjectMapping: 0.029700 ms MarkObjects: 1.469900 ms  DeleteObjects: 0.014200 ms)

========================================================================
Received Prepare
Registering precompiled user dll's ...
Registered in 0.002731 seconds.
Begin MonoManager ReloadAssembly
Symbol file LoadedFromMemory is not a mono symbol file
Symbol file LoadedFromMemory is not a mono symbol file
Native extension for WindowsStandalone target not found
Refreshing native plugins compatible for Editor in 0.38 ms, found 0 plugins.
Preloading 0 native plugins for Editor in 0.00 ms.
Invoked RoslynAnalysisRunner static constructor.
RoslynAnalysisRunner will not be running.
RoslynAnalysisRunner has terminated.
Mono: successfully reloaded assembly
- Completed reload, in  0.931 seconds
Platform modules already initialized, skipping
Refreshing native plugins compatible for Editor in 0.33 ms, found 0 plugins.
Preloading 0 native plugins for Editor in 0.00 ms.
Unloading 1193 Unused Serialized files (Serialized files now loaded: 0)
System memory in use before: 65.8 MB.
System memory in use after: 65.9 MB.

Unloading 7 unused Assets to reduce memory usage. Loaded Objects now: 1685.
Total: 3.447700 ms (FindLiveObjects: 0.366200 ms CreateObjectMapping: 0.126100 ms MarkObjects: 2.933200 ms  DeleteObjects: 0.020800 ms)

========================================================================
Received Prepare
Registering precompiled user dll's ...
Registered in 0.002133 seconds.
Begin MonoManager ReloadAssembly
Symbol file LoadedFromMemory is not a mono symbol file
Symbol file LoadedFromMemory is not a mono symbol file
Native extension for WindowsStandalone target not found
Refreshing native plugins compatible for Editor in 0.28 ms, found 0 plugins.
Preloading 0 native plugins for Editor in 0.00 ms.
Invoked RoslynAnalysisRunner static constructor.
RoslynAnalysisRunner will not be running.
RoslynAnalysisRunner has terminated.
Mono: successfully reloaded assembly
- Completed reload, in  0.841 seconds
Platform modules already initialized, skipping
Refreshing native plugins compatible for Editor in 0.29 ms, found 0 plugins.
Preloading 0 native plugins for Editor in 0.00 ms.
Unloading 1193 Unused Serialized files (Serialized files now loaded: 0)
System memory in use before: 65.8 MB.
System memory in use after: 65.9 MB.

Unloading 7 unused Assets to reduce memory usage. Loaded Objects now: 1688.
Total: 1.647800 ms (FindLiveObjects: 0.182200 ms CreateObjectMapping: 0.029100 ms MarkObjects: 1.419800 ms  DeleteObjects: 0.015600 ms)

========================================================================
Received Prepare
Registering precompiled user dll's ...
Registered in 0.002491 seconds.
Begin MonoManager ReloadAssembly
Symbol file LoadedFromMemory is not a mono symbol file
Symbol file LoadedFromMemory is not a mono symbol file
Native extension for WindowsStandalone target not found
Refreshing native plugins compatible for Editor in 0.30 ms, found 0 plugins.
Preloading 0 native plugins for Editor in 0.00 ms.
Invoked RoslynAnalysisRunner static constructor.
RoslynAnalysisRunner will not be running.
RoslynAnalysisRunner has terminated.
Mono: successfully reloaded assembly
- Completed reload, in  0.827 seconds
Platform modules already initialized, skipping
Refreshing native plugins compatible for Editor in 0.45 ms, found 0 plugins.
Preloading 0 native plugins for Editor in 0.00 ms.
Unloading 1193 Unused Serialized files (Serialized files now loaded: 0)
System memory in use before: 65.8 MB.
System memory in use after: 65.9 MB.

Unloading 7 unused Assets to reduce memory usage. Loaded Objects now: 1691.
Total: 2.466300 ms (FindLiveObjects: 0.240900 ms CreateObjectMapping: 0.031900 ms MarkObjects: 2.171500 ms  DeleteObjects: 0.020800 ms)

========================================================================
Received Import Request.
  Time since last request: 5357.503751 seconds.
  path: Assets/Scenes/Fight.unity
  artifactKey: Guid(c99fbbc43785ddd4babf79789b27ec38) Importer(815301076,1909f56bfc062723c751e8b465ee728b)
Start importing Assets/Scenes/Fight.unity using Guid(c99fbbc43785ddd4babf79789b27ec38) Importer(815301076,1909f56bfc062723c751e8b465ee728b)  -> (artifact id: '4d9cceb92ef966af292faad892ad8138') in 0.017457 seconds
  Import took 0.019842 seconds .

========================================================================
Received Import Request.
  Time since last request: 9808.341278 seconds.
  path: Assets/Scripts/View/UIItem.cs
  artifactKey: Guid(6b9c3d90adbd6434e9d56f5204fd21d2) Importer(815301076,1909f56bfc062723c751e8b465ee728b)
Start importing Assets/Scripts/View/UIItem.cs using Guid(6b9c3d90adbd6434e9d56f5204fd21d2) Importer(815301076,1909f56bfc062723c751e8b465ee728b)  -> (artifact id: '7b4394bd7c756cabb67caf1c02820c98') in 0.014271 seconds
  Import took 0.044434 seconds .

========================================================================
Received Prepare
Registering precompiled user dll's ...
Registered in 0.002030 seconds.
Begin MonoManager ReloadAssembly
Symbol file LoadedFromMemory is not a mono symbol file
Symbol file LoadedFromMemory is not a mono symbol file
Native extension for WindowsStandalone target not found
Refreshing native plugins compatible for Editor in 0.29 ms, found 0 plugins.
Preloading 0 native plugins for Editor in 0.00 ms.
Invoked RoslynAnalysisRunner static constructor.
RoslynAnalysisRunner will not be running.
RoslynAnalysisRunner has terminated.
Mono: successfully reloaded assembly
- Completed reload, in  0.849 seconds
Platform modules already initialized, skipping
Refreshing native plugins compatible for Editor in 0.29 ms, found 0 plugins.
Preloading 0 native plugins for Editor in 0.00 ms.
Unloading 1194 Unused Serialized files (Serialized files now loaded: 0)
System memory in use before: 65.9 MB.
System memory in use after: 66.0 MB.

Unloading 7 unused Assets to reduce memory usage. Loaded Objects now: 1695.
Total: 1.627800 ms (FindLiveObjects: 0.167100 ms CreateObjectMapping: 0.028300 ms MarkObjects: 1.414600 ms  DeleteObjects: 0.016600 ms)

========================================================================
Received Prepare
Registering precompiled user dll's ...
Registered in 0.002257 seconds.
Begin MonoManager ReloadAssembly
Symbol file LoadedFromMemory is not a mono symbol file
Symbol file LoadedFromMemory is not a mono symbol file
Native extension for WindowsStandalone target not found
Refreshing native plugins compatible for Editor in 0.28 ms, found 0 plugins.
Preloading 0 native plugins for Editor in 0.00 ms.
Invoked RoslynAnalysisRunner static constructor.
RoslynAnalysisRunner will not be running.
RoslynAnalysisRunner has terminated.
Mono: successfully reloaded assembly
- Completed reload, in  0.755 seconds
Platform modules already initialized, skipping
Refreshing native plugins compatible for Editor in 0.30 ms, found 0 plugins.
Preloading 0 native plugins for Editor in 0.00 ms.
Unloading 1194 Unused Serialized files (Serialized files now loaded: 0)
System memory in use before: 65.9 MB.
System memory in use after: 66.0 MB.

Unloading 7 unused Assets to reduce memory usage. Loaded Objects now: 1698.
Total: 2.215400 ms (FindLiveObjects: 0.295600 ms CreateObjectMapping: 0.035100 ms MarkObjects: 1.864500 ms  DeleteObjects: 0.018500 ms)

========================================================================
Received Import Request.
  Time since last request: 224.762487 seconds.
  path: Assets/Scripts/View/FightView.cs
  artifactKey: Guid(d15cbca75f3092642923e7998773072a) Importer(815301076,1909f56bfc062723c751e8b465ee728b)
Start importing Assets/Scripts/View/FightView.cs using Guid(d15cbca75f3092642923e7998773072a) Importer(815301076,1909f56bfc062723c751e8b465ee728b)  -> (artifact id: 'c4ba3a426a5d66b38469b663f2e85659') in 0.010407 seconds
  Import took 0.012478 seconds .

========================================================================
Received Import Request.
  Time since last request: 0.028475 seconds.
  path: Assets/Scripts/View/FightView.cs
  artifactKey: Guid(d15cbca75f3092642923e7998773072a) Importer(815301076,1909f56bfc062723c751e8b465ee728b)
Start importing Assets/Scripts/View/FightView.cs using Guid(d15cbca75f3092642923e7998773072a) Importer(815301076,1909f56bfc062723c751e8b465ee728b)  -> (artifact id: 'c4ba3a426a5d66b38469b663f2e85659') in 0.002610 seconds
  Import took 0.004686 seconds .

========================================================================
Received Prepare
Registering precompiled user dll's ...
Registered in 0.001978 seconds.
Begin MonoManager ReloadAssembly
Symbol file LoadedFromMemory is not a mono symbol file
Symbol file LoadedFromMemory is not a mono symbol file
Native extension for WindowsStandalone target not found
Refreshing native plugins compatible for Editor in 0.27 ms, found 0 plugins.
Preloading 0 native plugins for Editor in 0.00 ms.
Invoked RoslynAnalysisRunner static constructor.
RoslynAnalysisRunner will not be running.
RoslynAnalysisRunner has terminated.
Mono: successfully reloaded assembly
- Completed reload, in  0.760 seconds
Platform modules already initialized, skipping
Refreshing native plugins compatible for Editor in 0.33 ms, found 0 plugins.
Preloading 0 native plugins for Editor in 0.00 ms.
Unloading 1194 Unused Serialized files (Serialized files now loaded: 0)
System memory in use before: 65.9 MB.
System memory in use after: 66.0 MB.

Unloading 7 unused Assets to reduce memory usage. Loaded Objects now: 1701.
Total: 1.752000 ms (FindLiveObjects: 0.159900 ms CreateObjectMapping: 0.028400 ms MarkObjects: 1.547900 ms  DeleteObjects: 0.014900 ms)

========================================================================
Received Import Request.
  Time since last request: 336.994293 seconds.
  path: Assets/Scripts/View/FightView.cs
  artifactKey: Guid(d15cbca75f3092642923e7998773072a) Importer(815301076,1909f56bfc062723c751e8b465ee728b)
Start importing Assets/Scripts/View/FightView.cs using Guid(d15cbca75f3092642923e7998773072a) Importer(815301076,1909f56bfc062723c751e8b465ee728b)  -> (artifact id: 'c00e1e1118477f59c2feb581021945c9') in 0.005823 seconds
  Import took 0.008035 seconds .

========================================================================
Received Prepare
Registering precompiled user dll's ...
Registered in 0.001962 seconds.
Begin MonoManager ReloadAssembly
Symbol file LoadedFromMemory is not a mono symbol file
Symbol file LoadedFromMemory is not a mono symbol file
Native extension for WindowsStandalone target not found
Refreshing native plugins compatible for Editor in 0.28 ms, found 0 plugins.
Preloading 0 native plugins for Editor in 0.00 ms.
Invoked RoslynAnalysisRunner static constructor.
RoslynAnalysisRunner will not be running.
RoslynAnalysisRunner has terminated.
Mono: successfully reloaded assembly
- Completed reload, in  0.738 seconds
Platform modules already initialized, skipping
Refreshing native plugins compatible for Editor in 0.27 ms, found 0 plugins.
Preloading 0 native plugins for Editor in 0.00 ms.
Unloading 1194 Unused Serialized files (Serialized files now loaded: 0)
System memory in use before: 65.9 MB.
System memory in use after: 66.0 MB.

Unloading 7 unused Assets to reduce memory usage. Loaded Objects now: 1704.
Total: 1.989400 ms (FindLiveObjects: 0.185300 ms CreateObjectMapping: 0.032100 ms MarkObjects: 1.752500 ms  DeleteObjects: 0.018300 ms)

========================================================================
Received Prepare
Registering precompiled user dll's ...
Registered in 0.001942 seconds.
Begin MonoManager ReloadAssembly
Symbol file LoadedFromMemory is not a mono symbol file
Symbol file LoadedFromMemory is not a mono symbol file
Native extension for WindowsStandalone target not found
Refreshing native plugins compatible for Editor in 0.30 ms, found 0 plugins.
Preloading 0 native plugins for Editor in 0.00 ms.
Invoked RoslynAnalysisRunner static constructor.
RoslynAnalysisRunner will not be running.
RoslynAnalysisRunner has terminated.
Mono: successfully reloaded assembly
- Completed reload, in  0.769 seconds
Platform modules already initialized, skipping
Refreshing native plugins compatible for Editor in 0.29 ms, found 0 plugins.
Preloading 0 native plugins for Editor in 0.00 ms.
Unloading 1194 Unused Serialized files (Serialized files now loaded: 0)
System memory in use before: 65.9 MB.
System memory in use after: 66.0 MB.

Unloading 7 unused Assets to reduce memory usage. Loaded Objects now: 1707.
Total: 2.425300 ms (FindLiveObjects: 0.250700 ms CreateObjectMapping: 0.038800 ms MarkObjects: 2.118700 ms  DeleteObjects: 0.016100 ms)

========================================================================
Received Import Request.
  Time since last request: 3679.521711 seconds.
  path: Assets/New Render Texture.renderTexture
  artifactKey: Guid(706af4a6c2b99aa46a23ada9f79af126) Importer(815301076,1909f56bfc062723c751e8b465ee728b)
Start importing Assets/New Render Texture.renderTexture using Guid(706af4a6c2b99aa46a23ada9f79af126) Importer(815301076,1909f56bfc062723c751e8b465ee728b)  -> (artifact id: '9a240c0f0645bb46c1a9d6baaa6edc6b') in 0.066416 seconds
  Import took 0.069258 seconds .

========================================================================
Received Import Request.
  Time since last request: 315.072493 seconds.
  path: ProjectSettings/TagManager.asset
  artifactKey: Guid(00000000000000003000000000000000) Importer(815301076,1909f56bfc062723c751e8b465ee728b)
Start importing ProjectSettings/TagManager.asset using Guid(00000000000000003000000000000000) Importer(815301076,1909f56bfc062723c751e8b465ee728b)  -> (artifact id: '24aebe9d10bc902d7008f470132cd195') in 0.009983 seconds
  Import took 0.013730 seconds .

========================================================================
Received Import Request.
  Time since last request: 0.005340 seconds.
  path: ProjectSettings/TagManager.asset
  artifactKey: Guid(00000000000000003000000000000000) Importer(815301076,1909f56bfc062723c751e8b465ee728b)
Start importing ProjectSettings/TagManager.asset using Guid(00000000000000003000000000000000) Importer(815301076,1909f56bfc062723c751e8b465ee728b)  -> (artifact id: '24aebe9d10bc902d7008f470132cd195') in 0.003115 seconds
  Import took 0.005179 seconds .

========================================================================
Received Import Request.
  Time since last request: 119.294570 seconds.
  path: Assets/Resources/Heros/战士.prefab
  artifactKey: Guid(37bfc921f11017143b0812286e9db9f7) Importer(815301076,1909f56bfc062723c751e8b465ee728b)
Start importing Assets/Resources/Heros/战士.prefab using Guid(37bfc921f11017143b0812286e9db9f7) Importer(815301076,1909f56bfc062723c751e8b465ee728b)  -> (artifact id: '271d63662326c6535ac12b592203e3cc') in 0.096769 seconds
  Import took 0.100585 seconds .

========================================================================
Received Import Request.
  Time since last request: 98.639891 seconds.
  path: Assets/Resources/Heros/战士.prefab
  artifactKey: Guid(37bfc921f11017143b0812286e9db9f7) Importer(815301076,1909f56bfc062723c751e8b465ee728b)
Start importing Assets/Resources/Heros/战士.prefab using Guid(37bfc921f11017143b0812286e9db9f7) Importer(815301076,1909f56bfc062723c751e8b465ee728b)  -> (artifact id: '085bf27d12bc30fe02cfd268726f3a97') in 0.024612 seconds
  Import took 0.028623 seconds .

========================================================================
Received Import Request.
  Time since last request: 0.005036 seconds.
  path: Assets/Resources/Heros/战士.prefab
  artifactKey: Guid(37bfc921f11017143b0812286e9db9f7) Importer(815301076,1909f56bfc062723c751e8b465ee728b)
Start importing Assets/Resources/Heros/战士.prefab using Guid(37bfc921f11017143b0812286e9db9f7) Importer(815301076,1909f56bfc062723c751e8b465ee728b)  -> (artifact id: '085bf27d12bc30fe02cfd268726f3a97') in 0.019765 seconds
  Import took 0.022812 seconds .

========================================================================
Received Import Request.
  Time since last request: 35.049930 seconds.
  path: Assets/Scripts/View/MiniMapHead.cs
  artifactKey: Guid(24a341b66d86a9b41a72720a3a2eed27) Importer(815301076,1909f56bfc062723c751e8b465ee728b)
Start importing Assets/Scripts/View/MiniMapHead.cs using Guid(24a341b66d86a9b41a72720a3a2eed27) Importer(815301076,1909f56bfc062723c751e8b465ee728b)  -> (artifact id: 'a1bbb5dfbce6b9c8bffdeb9c9c424d16') in 0.006958 seconds
  Import took 0.010163 seconds .

========================================================================
Received Prepare
Registering precompiled user dll's ...
Registered in 0.001943 seconds.
Begin MonoManager ReloadAssembly
Symbol file LoadedFromMemory is not a mono symbol file
Symbol file LoadedFromMemory is not a mono symbol file
Native extension for WindowsStandalone target not found
Refreshing native plugins compatible for Editor in 0.30 ms, found 0 plugins.
Preloading 0 native plugins for Editor in 0.00 ms.
Invoked RoslynAnalysisRunner static constructor.
RoslynAnalysisRunner will not be running.
RoslynAnalysisRunner has terminated.
Mono: successfully reloaded assembly
- Completed reload, in  0.867 seconds
Platform modules already initialized, skipping
Refreshing native plugins compatible for Editor in 0.27 ms, found 0 plugins.
Preloading 0 native plugins for Editor in 0.00 ms.
Unloading 1195 Unused Serialized files (Serialized files now loaded: 0)
System memory in use before: 83.2 MB.
System memory in use after: 83.3 MB.

Unloading 12 unused Assets to reduce memory usage. Loaded Objects now: 1723.
Total: 1.668300 ms (FindLiveObjects: 0.157400 ms CreateObjectMapping: 0.029900 ms MarkObjects: 1.449900 ms  DeleteObjects: 0.030000 ms)

========================================================================
Received Prepare
Registering precompiled user dll's ...
Registered in 0.002113 seconds.
Begin MonoManager ReloadAssembly
Symbol file LoadedFromMemory is not a mono symbol file
Symbol file LoadedFromMemory is not a mono symbol file
Native extension for WindowsStandalone target not found
Refreshing native plugins compatible for Editor in 0.37 ms, found 0 plugins.
Preloading 0 native plugins for Editor in 0.00 ms.
Invoked RoslynAnalysisRunner static constructor.
RoslynAnalysisRunner will not be running.
RoslynAnalysisRunner has terminated.
Mono: successfully reloaded assembly
- Completed reload, in  0.762 seconds
Platform modules already initialized, skipping
Refreshing native plugins compatible for Editor in 0.28 ms, found 0 plugins.
Preloading 0 native plugins for Editor in 0.00 ms.
Unloading 1195 Unused Serialized files (Serialized files now loaded: 0)
System memory in use before: 83.2 MB.
System memory in use after: 83.3 MB.

Unloading 7 unused Assets to reduce memory usage. Loaded Objects now: 1726.
Total: 1.633000 ms (FindLiveObjects: 0.174100 ms CreateObjectMapping: 0.028400 ms MarkObjects: 1.415000 ms  DeleteObjects: 0.014100 ms)

========================================================================
Received Import Request.
  Time since last request: 40.844242 seconds.
  path: Assets/Scripts/View/MiniMapHead.cs
  artifactKey: Guid(24a341b66d86a9b41a72720a3a2eed27) Importer(815301076,1909f56bfc062723c751e8b465ee728b)
Start importing Assets/Scripts/View/MiniMapHead.cs using Guid(24a341b66d86a9b41a72720a3a2eed27) Importer(815301076,1909f56bfc062723c751e8b465ee728b)  -> (artifact id: '845d0661b67020965741ae013987b8c8') in 0.004522 seconds
  Import took 0.006457 seconds .

========================================================================
Received Prepare
Registering precompiled user dll's ...
Registered in 0.002123 seconds.
Begin MonoManager ReloadAssembly
Symbol file LoadedFromMemory is not a mono symbol file
Symbol file LoadedFromMemory is not a mono symbol file
Native extension for WindowsStandalone target not found
Refreshing native plugins compatible for Editor in 0.29 ms, found 0 plugins.
Preloading 0 native plugins for Editor in 0.00 ms.
Invoked RoslynAnalysisRunner static constructor.
RoslynAnalysisRunner will not be running.
RoslynAnalysisRunner has terminated.
Mono: successfully reloaded assembly
- Completed reload, in  0.860 seconds
Platform modules already initialized, skipping
Refreshing native plugins compatible for Editor in 0.65 ms, found 0 plugins.
Preloading 0 native plugins for Editor in 0.00 ms.
Unloading 1195 Unused Serialized files (Serialized files now loaded: 0)
System memory in use before: 83.2 MB.
System memory in use after: 83.3 MB.

Unloading 7 unused Assets to reduce memory usage. Loaded Objects now: 1729.
Total: 3.001000 ms (FindLiveObjects: 0.385000 ms CreateObjectMapping: 0.092300 ms MarkObjects: 2.493400 ms  DeleteObjects: 0.028800 ms)

========================================================================
Received Import Request.
  Time since last request: 7390.459186 seconds.
  path: Assets/Resources/Skill
  artifactKey: Guid(45f7903a0b9bb7e4c910740d20939ba3) Importer(815301076,1909f56bfc062723c751e8b465ee728b)
Start importing Assets/Resources/Skill using Guid(45f7903a0b9bb7e4c910740d20939ba3) Importer(815301076,1909f56bfc062723c751e8b465ee728b)  -> (artifact id: 'c7f067aee53a9aba7a15d19108e1b2ef') in 0.010490 seconds
  Import took 0.013186 seconds .

========================================================================
Received Import Request.
  Time since last request: 0.000735 seconds.
  path: Assets/Resources/Skill
  artifactKey: Guid(45f7903a0b9bb7e4c910740d20939ba3) Importer(815301076,1909f56bfc062723c751e8b465ee728b)
Start importing Assets/Resources/Skill using Guid(45f7903a0b9bb7e4c910740d20939ba3) Importer(815301076,1909f56bfc062723c751e8b465ee728b)  -> (artifact id: 'c7f067aee53a9aba7a15d19108e1b2ef') in 0.002300 seconds
  Import took 0.004277 seconds .

========================================================================
Received Import Request.
  Time since last request: 13.112356 seconds.
  path: Assets/Resources/Skill/1001.png
  artifactKey: Guid(de6b2c5b81deeb84480c1521eab8518c) Importer(815301076,1909f56bfc062723c751e8b465ee728b)
Start importing Assets/Resources/Skill/1001.png using Guid(de6b2c5b81deeb84480c1521eab8518c) Importer(815301076,1909f56bfc062723c751e8b465ee728b)  -> (artifact id: '00b4dbc6d65d8b6cdc84d484feb4a73a') in 0.107419 seconds
  Import took 0.109647 seconds .

========================================================================
Received Import Request.
  Time since last request: 248.740414 seconds.
  path: Assets/Prefabs/btnSkill.prefab
  artifactKey: Guid(bcc029955d9af1248b0896b9a7a4fceb) Importer(815301076,1909f56bfc062723c751e8b465ee728b)
Start importing Assets/Prefabs/btnSkill.prefab using Guid(bcc029955d9af1248b0896b9a7a4fceb) Importer(815301076,1909f56bfc062723c751e8b465ee728b)  -> (artifact id: 'eaacc0a0c81fedab91ffe69eab6e7ac6') in 0.027060 seconds
  Import took 0.031785 seconds .

========================================================================
Received Import Request.
  Time since last request: 135.772147 seconds.
  path: Assets/Scenes/Fight.unity
  artifactKey: Guid(c99fbbc43785ddd4babf79789b27ec38) Importer(815301076,1909f56bfc062723c751e8b465ee728b)
Start importing Assets/Scenes/Fight.unity using Guid(c99fbbc43785ddd4babf79789b27ec38) Importer(815301076,1909f56bfc062723c751e8b465ee728b)  -> (artifact id: '9d30b61ce771d1fb3cca66144659aeb2') in 0.007280 seconds
  Import took 0.011084 seconds .

========================================================================
Received Import Request.
  Time since last request: 299.019677 seconds.
  path: Assets/Scripts/View/UISkill.cs
  artifactKey: Guid(ade231c046fcc6643afd249ecb9fbdd6) Importer(815301076,1909f56bfc062723c751e8b465ee728b)
Start importing Assets/Scripts/View/UISkill.cs using Guid(ade231c046fcc6643afd249ecb9fbdd6) Importer(815301076,1909f56bfc062723c751e8b465ee728b)  -> (artifact id: '48260e86974bee7c8319c8580b10bb72') in 0.006930 seconds
  Import took 0.009497 seconds .

========================================================================
Received Prepare
Registering precompiled user dll's ...
Registered in 0.002714 seconds.
Begin MonoManager ReloadAssembly
Symbol file LoadedFromMemory is not a mono symbol file
Symbol file LoadedFromMemory is not a mono symbol file
Native extension for WindowsStandalone target not found
Refreshing native plugins compatible for Editor in 0.29 ms, found 0 plugins.
Preloading 0 native plugins for Editor in 0.00 ms.
Invoked RoslynAnalysisRunner static constructor.
RoslynAnalysisRunner will not be running.
RoslynAnalysisRunner has terminated.
Mono: successfully reloaded assembly
- Completed reload, in  0.780 seconds
Platform modules already initialized, skipping
Refreshing native plugins compatible for Editor in 0.28 ms, found 0 plugins.
Preloading 0 native plugins for Editor in 0.00 ms.
Unloading 1196 Unused Serialized files (Serialized files now loaded: 0)
System memory in use before: 83.2 MB.
System memory in use after: 83.3 MB.

Unloading 8 unused Assets to reduce memory usage. Loaded Objects now: 1736.
Total: 1.920700 ms (FindLiveObjects: 0.183600 ms CreateObjectMapping: 0.032400 ms MarkObjects: 1.674300 ms  DeleteObjects: 0.028900 ms)

========================================================================
Received Prepare
Registering precompiled user dll's ...
Registered in 0.001903 seconds.
Begin MonoManager ReloadAssembly
Symbol file LoadedFromMemory is not a mono symbol file
Symbol file LoadedFromMemory is not a mono symbol file
Native extension for WindowsStandalone target not found
Refreshing native plugins compatible for Editor in 0.28 ms, found 0 plugins.
Preloading 0 native plugins for Editor in 0.00 ms.
Invoked RoslynAnalysisRunner static constructor.
RoslynAnalysisRunner will not be running.
RoslynAnalysisRunner has terminated.
Mono: successfully reloaded assembly
- Completed reload, in  0.762 seconds
Platform modules already initialized, skipping
Refreshing native plugins compatible for Editor in 0.28 ms, found 0 plugins.
Preloading 0 native plugins for Editor in 0.00 ms.
Unloading 1196 Unused Serialized files (Serialized files now loaded: 0)
System memory in use before: 83.2 MB.
System memory in use after: 83.3 MB.

Unloading 7 unused Assets to reduce memory usage. Loaded Objects now: 1739.
Total: 2.119300 ms (FindLiveObjects: 0.187000 ms CreateObjectMapping: 0.030900 ms MarkObjects: 1.876500 ms  DeleteObjects: 0.023300 ms)

========================================================================
Received Prepare
Registering precompiled user dll's ...
Registered in 0.002092 seconds.
Begin MonoManager ReloadAssembly
Symbol file LoadedFromMemory is not a mono symbol file
Symbol file LoadedFromMemory is not a mono symbol file
Native extension for WindowsStandalone target not found
Refreshing native plugins compatible for Editor in 0.29 ms, found 0 plugins.
Preloading 0 native plugins for Editor in 0.00 ms.
Invoked RoslynAnalysisRunner static constructor.
RoslynAnalysisRunner will not be running.
RoslynAnalysisRunner has terminated.
Mono: successfully reloaded assembly
- Completed reload, in  0.749 seconds
Platform modules already initialized, skipping
Refreshing native plugins compatible for Editor in 0.28 ms, found 0 plugins.
Preloading 0 native plugins for Editor in 0.00 ms.
Unloading 1196 Unused Serialized files (Serialized files now loaded: 0)
System memory in use before: 83.2 MB.
System memory in use after: 83.3 MB.

Unloading 7 unused Assets to reduce memory usage. Loaded Objects now: 1742.
Total: 1.750700 ms (FindLiveObjects: 0.229800 ms CreateObjectMapping: 0.030800 ms MarkObjects: 1.473300 ms  DeleteObjects: 0.015000 ms)

========================================================================
Received Prepare
Registering precompiled user dll's ...
Registered in 0.001935 seconds.
Begin MonoManager ReloadAssembly
Symbol file LoadedFromMemory is not a mono symbol file
Symbol file LoadedFromMemory is not a mono symbol file
Native extension for WindowsStandalone target not found
Refreshing native plugins compatible for Editor in 0.28 ms, found 0 plugins.
Preloading 0 native plugins for Editor in 0.00 ms.
Invoked RoslynAnalysisRunner static constructor.
RoslynAnalysisRunner will not be running.
RoslynAnalysisRunner has terminated.
Mono: successfully reloaded assembly
- Completed reload, in  0.745 seconds
Platform modules already initialized, skipping
Refreshing native plugins compatible for Editor in 0.27 ms, found 0 plugins.
Preloading 0 native plugins for Editor in 0.00 ms.
Unloading 1196 Unused Serialized files (Serialized files now loaded: 0)
System memory in use before: 83.2 MB.
System memory in use after: 83.3 MB.

Unloading 7 unused Assets to reduce memory usage. Loaded Objects now: 1745.
Total: 1.554100 ms (FindLiveObjects: 0.142400 ms CreateObjectMapping: 0.029700 ms MarkObjects: 1.367600 ms  DeleteObjects: 0.013500 ms)

========================================================================
Received Prepare
Registering precompiled user dll's ...
Registered in 0.001919 seconds.
Begin MonoManager ReloadAssembly
Symbol file LoadedFromMemory is not a mono symbol file
Symbol file LoadedFromMemory is not a mono symbol file
Native extension for WindowsStandalone target not found
Refreshing native plugins compatible for Editor in 0.29 ms, found 0 plugins.
Preloading 0 native plugins for Editor in 0.00 ms.
Invoked RoslynAnalysisRunner static constructor.
RoslynAnalysisRunner will not be running.
RoslynAnalysisRunner has terminated.
Mono: successfully reloaded assembly
- Completed reload, in  0.745 seconds
Platform modules already initialized, skipping
Refreshing native plugins compatible for Editor in 0.28 ms, found 0 plugins.
Preloading 0 native plugins for Editor in 0.00 ms.
Unloading 1196 Unused Serialized files (Serialized files now loaded: 0)
System memory in use before: 83.2 MB.
System memory in use after: 83.4 MB.

Unloading 7 unused Assets to reduce memory usage. Loaded Objects now: 1748.
Total: 1.720300 ms (FindLiveObjects: 0.197500 ms CreateObjectMapping: 0.029500 ms MarkObjects: 1.478500 ms  DeleteObjects: 0.013800 ms)

========================================================================
Received Prepare
Registering precompiled user dll's ...
Registered in 0.001951 seconds.
Begin MonoManager ReloadAssembly
Symbol file LoadedFromMemory is not a mono symbol file
Symbol file LoadedFromMemory is not a mono symbol file
Native extension for WindowsStandalone target not found
Refreshing native plugins compatible for Editor in 0.32 ms, found 0 plugins.
Preloading 0 native plugins for Editor in 0.00 ms.
Invoked RoslynAnalysisRunner static constructor.
RoslynAnalysisRunner will not be running.
RoslynAnalysisRunner has terminated.
Mono: successfully reloaded assembly
- Completed reload, in  0.745 seconds
Platform modules already initialized, skipping
Refreshing native plugins compatible for Editor in 0.31 ms, found 0 plugins.
Preloading 0 native plugins for Editor in 0.00 ms.
Unloading 1196 Unused Serialized files (Serialized files now loaded: 0)
System memory in use before: 83.3 MB.
System memory in use after: 83.4 MB.

Unloading 7 unused Assets to reduce memory usage. Loaded Objects now: 1751.
Total: 1.730900 ms (FindLiveObjects: 0.170600 ms CreateObjectMapping: 0.030100 ms MarkObjects: 1.511200 ms  DeleteObjects: 0.018400 ms)

========================================================================
Received Import Request.
  Time since last request: 1928.316744 seconds.
  path: Assets/Resources/Heros/战士.prefab
  artifactKey: Guid(37bfc921f11017143b0812286e9db9f7) Importer(815301076,1909f56bfc062723c751e8b465ee728b)
Start importing Assets/Resources/Heros/战士.prefab using Guid(37bfc921f11017143b0812286e9db9f7) Importer(815301076,1909f56bfc062723c751e8b465ee728b)  -> (artifact id: 'e608f97bacb44dc2bd65c16903b6a8f0') in 0.093482 seconds
  Import took 0.096456 seconds .

========================================================================
Received Import Request.
  Time since last request: 29.352064 seconds.
  path: Assets/Resources/Heros/战士.prefab
  artifactKey: Guid(37bfc921f11017143b0812286e9db9f7) Importer(815301076,1909f56bfc062723c751e8b465ee728b)
Start importing Assets/Resources/Heros/战士.prefab using Guid(37bfc921f11017143b0812286e9db9f7) Importer(815301076,1909f56bfc062723c751e8b465ee728b)  -> (artifact id: 'ac5c91ec9745ae94c00591a0c9ec2623') in 0.016371 seconds
  Import took 0.020086 seconds .

========================================================================
Received Prepare
Registering precompiled user dll's ...
Registered in 0.002007 seconds.
Begin MonoManager ReloadAssembly
Symbol file LoadedFromMemory is not a mono symbol file
Symbol file LoadedFromMemory is not a mono symbol file
Native extension for WindowsStandalone target not found
Refreshing native plugins compatible for Editor in 0.28 ms, found 0 plugins.
Preloading 0 native plugins for Editor in 0.00 ms.
Invoked RoslynAnalysisRunner static constructor.
RoslynAnalysisRunner will not be running.
RoslynAnalysisRunner has terminated.
Mono: successfully reloaded assembly
- Completed reload, in  0.783 seconds
Platform modules already initialized, skipping
Refreshing native plugins compatible for Editor in 0.38 ms, found 0 plugins.
Preloading 0 native plugins for Editor in 0.00 ms.
Unloading 1196 Unused Serialized files (Serialized files now loaded: 0)
System memory in use before: 83.3 MB.
System memory in use after: 83.4 MB.

Unloading 9 unused Assets to reduce memory usage. Loaded Objects now: 1756.
Total: 1.729300 ms (FindLiveObjects: 0.193200 ms CreateObjectMapping: 0.054900 ms MarkObjects: 1.454300 ms  DeleteObjects: 0.025700 ms)

========================================================================
Received Prepare
Registering precompiled user dll's ...
Registered in 0.001932 seconds.
Begin MonoManager ReloadAssembly
Symbol file LoadedFromMemory is not a mono symbol file
Symbol file LoadedFromMemory is not a mono symbol file
Native extension for WindowsStandalone target not found
Refreshing native plugins compatible for Editor in 0.28 ms, found 0 plugins.
Preloading 0 native plugins for Editor in 0.00 ms.
Invoked RoslynAnalysisRunner static constructor.
RoslynAnalysisRunner will not be running.
RoslynAnalysisRunner has terminated.
Mono: successfully reloaded assembly
- Completed reload, in  0.747 seconds
Platform modules already initialized, skipping
Refreshing native plugins compatible for Editor in 0.27 ms, found 0 plugins.
Preloading 0 native plugins for Editor in 0.00 ms.
Unloading 1196 Unused Serialized files (Serialized files now loaded: 0)
System memory in use before: 83.3 MB.
System memory in use after: 83.4 MB.

Unloading 7 unused Assets to reduce memory usage. Loaded Objects now: 1759.
Total: 1.683500 ms (FindLiveObjects: 0.183200 ms CreateObjectMapping: 0.030700 ms MarkObjects: 1.453600 ms  DeleteObjects: 0.015100 ms)

========================================================================
Received Prepare
Registering precompiled user dll's ...
Registered in 0.001982 seconds.
Begin MonoManager ReloadAssembly
Symbol file LoadedFromMemory is not a mono symbol file
Symbol file LoadedFromMemory is not a mono symbol file
Native extension for WindowsStandalone target not found
Refreshing native plugins compatible for Editor in 0.28 ms, found 0 plugins.
Preloading 0 native plugins for Editor in 0.00 ms.
Invoked RoslynAnalysisRunner static constructor.
RoslynAnalysisRunner will not be running.
RoslynAnalysisRunner has terminated.
Mono: successfully reloaded assembly
- Completed reload, in  0.953 seconds
Platform modules already initialized, skipping
Refreshing native plugins compatible for Editor in 0.28 ms, found 0 plugins.
Preloading 0 native plugins for Editor in 0.00 ms.
Unloading 1196 Unused Serialized files (Serialized files now loaded: 0)
System memory in use before: 83.3 MB.
System memory in use after: 83.4 MB.

Unloading 7 unused Assets to reduce memory usage. Loaded Objects now: 1762.
Total: 1.643400 ms (FindLiveObjects: 0.173700 ms CreateObjectMapping: 0.029200 ms MarkObjects: 1.424800 ms  DeleteObjects: 0.014800 ms)

========================================================================
Received Prepare
Registering precompiled user dll's ...
Registered in 0.002260 seconds.
Begin MonoManager ReloadAssembly
Symbol file LoadedFromMemory is not a mono symbol file
Symbol file LoadedFromMemory is not a mono symbol file
Native extension for WindowsStandalone target not found
Refreshing native plugins compatible for Editor in 0.28 ms, found 0 plugins.
Preloading 0 native plugins for Editor in 0.00 ms.
Invoked RoslynAnalysisRunner static constructor.
RoslynAnalysisRunner will not be running.
RoslynAnalysisRunner has terminated.
Mono: successfully reloaded assembly
- Completed reload, in  0.744 seconds
Platform modules already initialized, skipping
Refreshing native plugins compatible for Editor in 0.32 ms, found 0 plugins.
Preloading 0 native plugins for Editor in 0.00 ms.
Unloading 1196 Unused Serialized files (Serialized files now loaded: 0)
System memory in use before: 83.3 MB.
System memory in use after: 83.4 MB.

Unloading 7 unused Assets to reduce memory usage. Loaded Objects now: 1765.
Total: 1.829400 ms (FindLiveObjects: 0.181400 ms CreateObjectMapping: 0.029900 ms MarkObjects: 1.598800 ms  DeleteObjects: 0.017800 ms)

========================================================================
Received Import Request.
  Time since last request: 2393.867233 seconds.
  path: Assets/Scripts/Skill/LineSkill.cs
  artifactKey: Guid(43e66f00564fedc4698dfd6f0eff3db9) Importer(815301076,1909f56bfc062723c751e8b465ee728b)
Start importing Assets/Scripts/Skill/LineSkill.cs using Guid(43e66f00564fedc4698dfd6f0eff3db9) Importer(815301076,1909f56bfc062723c751e8b465ee728b)  -> (artifact id: '4b80ebabfe7441c9f3be1a20f6f52a90') in 0.010724 seconds
  Import took 0.013017 seconds .

========================================================================
Received Prepare
Registering precompiled user dll's ...
Registered in 0.003449 seconds.
Begin MonoManager ReloadAssembly
Symbol file LoadedFromMemory is not a mono symbol file
Symbol file LoadedFromMemory is not a mono symbol file
Native extension for WindowsStandalone target not found
Refreshing native plugins compatible for Editor in 0.39 ms, found 0 plugins.
Preloading 0 native plugins for Editor in 0.00 ms.
Invoked RoslynAnalysisRunner static constructor.
RoslynAnalysisRunner will not be running.
RoslynAnalysisRunner has terminated.
Mono: successfully reloaded assembly
- Completed reload, in  0.784 seconds
Platform modules already initialized, skipping
Refreshing native plugins compatible for Editor in 0.53 ms, found 0 plugins.
Preloading 0 native plugins for Editor in 0.00 ms.
Unloading 1197 Unused Serialized files (Serialized files now loaded: 0)
System memory in use before: 83.4 MB.
System memory in use after: 83.5 MB.

Unloading 7 unused Assets to reduce memory usage. Loaded Objects now: 1769.
Total: 2.032700 ms (FindLiveObjects: 0.277900 ms CreateObjectMapping: 0.055300 ms MarkObjects: 1.678000 ms  DeleteObjects: 0.020500 ms)

========================================================================
Received Prepare
Registering precompiled user dll's ...
Registered in 0.002009 seconds.
Begin MonoManager ReloadAssembly
Symbol file LoadedFromMemory is not a mono symbol file
Symbol file LoadedFromMemory is not a mono symbol file
Native extension for WindowsStandalone target not found
Refreshing native plugins compatible for Editor in 0.33 ms, found 0 plugins.
Preloading 0 native plugins for Editor in 0.00 ms.
Invoked RoslynAnalysisRunner static constructor.
RoslynAnalysisRunner will not be running.
RoslynAnalysisRunner has terminated.
Mono: successfully reloaded assembly
- Completed reload, in  0.744 seconds
Platform modules already initialized, skipping
Refreshing native plugins compatible for Editor in 0.28 ms, found 0 plugins.
Preloading 0 native plugins for Editor in 0.00 ms.
Unloading 1197 Unused Serialized files (Serialized files now loaded: 0)
System memory in use before: 83.4 MB.
System memory in use after: 83.5 MB.

Unloading 7 unused Assets to reduce memory usage. Loaded Objects now: 1772.
Total: 1.678300 ms (FindLiveObjects: 0.182800 ms CreateObjectMapping: 0.030500 ms MarkObjects: 1.450500 ms  DeleteObjects: 0.013900 ms)

========================================================================
Received Import Request.
  Time since last request: 3249.573504 seconds.
  path: Assets/Scripts/Control/KeyControl.cs
  artifactKey: Guid(d0d3a6f3605a09945bee43c922352402) Importer(815301076,1909f56bfc062723c751e8b465ee728b)
Start importing Assets/Scripts/Control/KeyControl.cs using Guid(d0d3a6f3605a09945bee43c922352402) Importer(815301076,1909f56bfc062723c751e8b465ee728b)  -> (artifact id: '5bd75e6558fd389d1c27b1ba86ab98b0') in 0.011659 seconds
  Import took 0.015808 seconds .

========================================================================
Received Import Request.
  Time since last request: 0.007605 seconds.
  path: Assets/Scripts/Control/KeyControl.cs
  artifactKey: Guid(d0d3a6f3605a09945bee43c922352402) Importer(815301076,1909f56bfc062723c751e8b465ee728b)
Start importing Assets/Scripts/Control/KeyControl.cs using Guid(d0d3a6f3605a09945bee43c922352402) Importer(815301076,1909f56bfc062723c751e8b465ee728b)  -> (artifact id: '5bd75e6558fd389d1c27b1ba86ab98b0') in 0.002835 seconds
  Import took 0.005083 seconds .

========================================================================
Received Import Request.
  Time since last request: 4.701914 seconds.
  path: Assets/Scripts/Control/Hero/Soldier.cs
  artifactKey: Guid(1398cdd60e5c1a64e87746cfe56dbb70) Importer(815301076,1909f56bfc062723c751e8b465ee728b)
Start importing Assets/Scripts/Control/Hero/Soldier.cs using Guid(1398cdd60e5c1a64e87746cfe56dbb70) Importer(815301076,1909f56bfc062723c751e8b465ee728b)  -> (artifact id: '2c92aeb4ebb1214df179b69af58af8a6') in 0.006575 seconds
  Import took 0.008697 seconds .

========================================================================
Received Import Request.
  Time since last request: 0.002892 seconds.
  path: Assets/Scripts/Control/Hero/Soldier.cs
  artifactKey: Guid(1398cdd60e5c1a64e87746cfe56dbb70) Importer(815301076,1909f56bfc062723c751e8b465ee728b)
Start importing Assets/Scripts/Control/Hero/Soldier.cs using Guid(1398cdd60e5c1a64e87746cfe56dbb70) Importer(815301076,1909f56bfc062723c751e8b465ee728b)  -> (artifact id: '2c92aeb4ebb1214df179b69af58af8a6') in 0.002475 seconds
  Import took 0.004577 seconds .

========================================================================
Received Prepare
Registering precompiled user dll's ...
Registered in 0.002218 seconds.
Begin MonoManager ReloadAssembly
Symbol file LoadedFromMemory is not a mono symbol file
Symbol file LoadedFromMemory is not a mono symbol file
Native extension for WindowsStandalone target not found
Refreshing native plugins compatible for Editor in 0.31 ms, found 0 plugins.
Preloading 0 native plugins for Editor in 0.00 ms.
Invoked RoslynAnalysisRunner static constructor.
RoslynAnalysisRunner will not be running.
RoslynAnalysisRunner has terminated.
Mono: successfully reloaded assembly
- Completed reload, in  0.854 seconds
Platform modules already initialized, skipping
Refreshing native plugins compatible for Editor in 0.28 ms, found 0 plugins.
Preloading 0 native plugins for Editor in 0.00 ms.
Unloading 1197 Unused Serialized files (Serialized files now loaded: 0)
System memory in use before: 83.4 MB.
System memory in use after: 83.5 MB.

Unloading 7 unused Assets to reduce memory usage. Loaded Objects now: 1775.
Total: 2.000800 ms (FindLiveObjects: 0.272300 ms CreateObjectMapping: 0.079400 ms MarkObjects: 1.620400 ms  DeleteObjects: 0.027500 ms)

========================================================================
Received Import Request.
  Time since last request: 455.460658 seconds.
  path: Assets/Scripts/Control/Hero/Soldier.cs
  artifactKey: Guid(1398cdd60e5c1a64e87746cfe56dbb70) Importer(815301076,1909f56bfc062723c751e8b465ee728b)
Start importing Assets/Scripts/Control/Hero/Soldier.cs using Guid(1398cdd60e5c1a64e87746cfe56dbb70) Importer(815301076,1909f56bfc062723c751e8b465ee728b)  -> (artifact id: '9e0215f2a42e2fe456b3145d82e7402f') in 0.004919 seconds
  Import took 0.008243 seconds .

========================================================================
Received Prepare
Registering precompiled user dll's ...
Registered in 0.001933 seconds.
Begin MonoManager ReloadAssembly
Symbol file LoadedFromMemory is not a mono symbol file
Symbol file LoadedFromMemory is not a mono symbol file
Native extension for WindowsStandalone target not found
Refreshing native plugins compatible for Editor in 0.28 ms, found 0 plugins.
Preloading 0 native plugins for Editor in 0.00 ms.
Invoked RoslynAnalysisRunner static constructor.
RoslynAnalysisRunner will not be running.
RoslynAnalysisRunner has terminated.
Mono: successfully reloaded assembly
- Completed reload, in  0.770 seconds
Platform modules already initialized, skipping
Refreshing native plugins compatible for Editor in 0.28 ms, found 0 plugins.
Preloading 0 native plugins for Editor in 0.00 ms.
Unloading 1197 Unused Serialized files (Serialized files now loaded: 0)
System memory in use before: 83.4 MB.
System memory in use after: 83.5 MB.

Unloading 7 unused Assets to reduce memory usage. Loaded Objects now: 1778.
Total: 1.846300 ms (FindLiveObjects: 0.239700 ms CreateObjectMapping: 0.031300 ms MarkObjects: 1.555300 ms  DeleteObjects: 0.018000 ms)

========================================================================
Received Import Request.
  Time since last request: 380.925143 seconds.
  path: Assets/Scripts/Control/Hero/Soldier.cs
  artifactKey: Guid(1398cdd60e5c1a64e87746cfe56dbb70) Importer(815301076,1909f56bfc062723c751e8b465ee728b)
Start importing Assets/Scripts/Control/Hero/Soldier.cs using Guid(1398cdd60e5c1a64e87746cfe56dbb70) Importer(815301076,1909f56bfc062723c751e8b465ee728b)  -> (artifact id: 'dfbcf83c5a2f0fc678f5ddd98f82bd9a') in 0.005630 seconds
  Import took 0.008004 seconds .

========================================================================
Received Import Request.
  Time since last request: 57.584762 seconds.
  path: Assets/Prefabs/E.prefab
  artifactKey: Guid(df1c176308463704a851479a31d36f51) Importer(815301076,1909f56bfc062723c751e8b465ee728b)
Start importing Assets/Prefabs/E.prefab using Guid(df1c176308463704a851479a31d36f51) Importer(815301076,1909f56bfc062723c751e8b465ee728b)  -> (artifact id: 'c149db3fb945fba98927436595d60b20') in 0.080351 seconds
  Import took 0.082895 seconds .

========================================================================
Received Prepare
Registering precompiled user dll's ...
Registered in 0.001969 seconds.
Begin MonoManager ReloadAssembly
Symbol file LoadedFromMemory is not a mono symbol file
Symbol file LoadedFromMemory is not a mono symbol file
Native extension for WindowsStandalone target not found
Refreshing native plugins compatible for Editor in 0.28 ms, found 0 plugins.
Preloading 0 native plugins for Editor in 0.00 ms.
Invoked RoslynAnalysisRunner static constructor.
RoslynAnalysisRunner will not be running.
RoslynAnalysisRunner has terminated.
Mono: successfully reloaded assembly
- Completed reload, in  0.760 seconds
Platform modules already initialized, skipping
Refreshing native plugins compatible for Editor in 0.29 ms, found 0 plugins.
Preloading 0 native plugins for Editor in 0.00 ms.
Unloading 1197 Unused Serialized files (Serialized files now loaded: 0)
System memory in use before: 83.4 MB.
System memory in use after: 83.5 MB.

Unloading 8 unused Assets to reduce memory usage. Loaded Objects now: 1783.
Total: 1.691900 ms (FindLiveObjects: 0.166900 ms CreateObjectMapping: 0.030300 ms MarkObjects: 1.473300 ms  DeleteObjects: 0.020500 ms)

========================================================================
Received Import Request.
  Time since last request: 97.870213 seconds.
  path: Assets/Resources/pool.asset
  artifactKey: Guid(76bada2cdfccf704f975d591c1665d1c) Importer(815301076,1909f56bfc062723c751e8b465ee728b)
Start importing Assets/Resources/pool.asset using Guid(76bada2cdfccf704f975d591c1665d1c) Importer(815301076,1909f56bfc062723c751e8b465ee728b)  -> (artifact id: '51ed72b8d515ed2fd81c1ce8a785a943') in 0.024500 seconds
  Import took 0.027132 seconds .

========================================================================
Received Prepare
Registering precompiled user dll's ...
Registered in 0.001964 seconds.
Begin MonoManager ReloadAssembly
Symbol file LoadedFromMemory is not a mono symbol file
Symbol file LoadedFromMemory is not a mono symbol file
Native extension for WindowsStandalone target not found
Refreshing native plugins compatible for Editor in 0.28 ms, found 0 plugins.
Preloading 0 native plugins for Editor in 0.00 ms.
Invoked RoslynAnalysisRunner static constructor.
RoslynAnalysisRunner will not be running.
RoslynAnalysisRunner has terminated.
Mono: successfully reloaded assembly
- Completed reload, in  0.756 seconds
Platform modules already initialized, skipping
Refreshing native plugins compatible for Editor in 0.28 ms, found 0 plugins.
Preloading 0 native plugins for Editor in 0.00 ms.
Unloading 1197 Unused Serialized files (Serialized files now loaded: 0)
System memory in use before: 83.4 MB.
System memory in use after: 83.5 MB.

Unloading 7 unused Assets to reduce memory usage. Loaded Objects now: 1786.
Total: 1.744500 ms (FindLiveObjects: 0.187400 ms CreateObjectMapping: 0.028900 ms MarkObjects: 1.509700 ms  DeleteObjects: 0.017500 ms)

========================================================================
Received Import Request.
  Time since last request: 472.566646 seconds.
  path: Assets/Prefabs/E.prefab
  artifactKey: Guid(df1c176308463704a851479a31d36f51) Importer(815301076,1909f56bfc062723c751e8b465ee728b)
Start importing Assets/Prefabs/E.prefab using Guid(df1c176308463704a851479a31d36f51) Importer(815301076,1909f56bfc062723c751e8b465ee728b)  -> (artifact id: '3a20b8f8658737d6520fda92d1d6946a') in 0.056036 seconds
  Import took 0.059464 seconds .

========================================================================
Received Import Request.
  Time since last request: 3.928818 seconds.
  path: Assets/Prefabs/E.prefab
  artifactKey: Guid(df1c176308463704a851479a31d36f51) Importer(815301076,1909f56bfc062723c751e8b465ee728b)
Start importing Assets/Prefabs/E.prefab using Guid(df1c176308463704a851479a31d36f51) Importer(815301076,1909f56bfc062723c751e8b465ee728b)  -> (artifact id: '3c9278d515541982c2f098c2018b32e1') in 0.010680 seconds
  Import took 0.013193 seconds .

========================================================================
Received Prepare
Registering precompiled user dll's ...
Registered in 0.002259 seconds.
Begin MonoManager ReloadAssembly
Symbol file LoadedFromMemory is not a mono symbol file
Symbol file LoadedFromMemory is not a mono symbol file
Native extension for WindowsStandalone target not found
Refreshing native plugins compatible for Editor in 0.28 ms, found 0 plugins.
Preloading 0 native plugins for Editor in 0.00 ms.
Invoked RoslynAnalysisRunner static constructor.
RoslynAnalysisRunner will not be running.
RoslynAnalysisRunner has terminated.
Mono: successfully reloaded assembly
- Completed reload, in  0.802 seconds
Platform modules already initialized, skipping
Refreshing native plugins compatible for Editor in 0.28 ms, found 0 plugins.
Preloading 0 native plugins for Editor in 0.00 ms.
Unloading 1197 Unused Serialized files (Serialized files now loaded: 0)
System memory in use before: 83.5 MB.
System memory in use after: 83.6 MB.

Unloading 8 unused Assets to reduce memory usage. Loaded Objects now: 1790.
Total: 2.214100 ms (FindLiveObjects: 0.241300 ms CreateObjectMapping: 0.040800 ms MarkObjects: 1.902000 ms  DeleteObjects: 0.028400 ms)

========================================================================
Received Import Request.
  Time since last request: 9927.756670 seconds.
  path: Assets/Resources/Skill/1002.png
  artifactKey: Guid(7755b53002e284641b952d4cdcbbf03d) Importer(815301076,1909f56bfc062723c751e8b465ee728b)
Start importing Assets/Resources/Skill/1002.png using Guid(7755b53002e284641b952d4cdcbbf03d) Importer(815301076,1909f56bfc062723c751e8b465ee728b)  -> (artifact id: 'cfa648ae3e227b9dd5945b09262b6b05') in 0.204426 seconds
  Import took 0.241888 seconds .

========================================================================
Received Import Request.
  Time since last request: 0.000303 seconds.
  path: Assets/Resources/Skill/1003.png
  artifactKey: Guid(f20f01793060481448542771713bc70c) Importer(815301076,1909f56bfc062723c751e8b465ee728b)
Start importing Assets/Resources/Skill/1003.png using Guid(f20f01793060481448542771713bc70c) Importer(815301076,1909f56bfc062723c751e8b465ee728b)  -> (artifact id: '6e7dfd999b9ab6b1afb7ce86db1c1bb2') in 0.015353 seconds
  Import took 0.017540 seconds .

========================================================================
Received Import Request.
  Time since last request: 0.000255 seconds.
  path: Assets/Resources/Skill/1004.png
  artifactKey: Guid(bf8d68fe685c0524ab4d10775d1c7ecc) Importer(815301076,1909f56bfc062723c751e8b465ee728b)
Start importing Assets/Resources/Skill/1004.png using Guid(bf8d68fe685c0524ab4d10775d1c7ecc) Importer(815301076,1909f56bfc062723c751e8b465ee728b)  -> (artifact id: '9947363927ae3f2919fd6a4ce66f7dd9') in 0.015856 seconds
  Import took 0.018391 seconds .

========================================================================
Received Prepare
Registering precompiled user dll's ...
Registered in 0.002021 seconds.
Begin MonoManager ReloadAssembly
Symbol file LoadedFromMemory is not a mono symbol file
Symbol file LoadedFromMemory is not a mono symbol file
Native extension for WindowsStandalone target not found
Refreshing native plugins compatible for Editor in 0.36 ms, found 0 plugins.
Preloading 0 native plugins for Editor in 0.00 ms.
Invoked RoslynAnalysisRunner static constructor.
RoslynAnalysisRunner will not be running.
RoslynAnalysisRunner has terminated.
Mono: successfully reloaded assembly
- Completed reload, in  0.815 seconds
Platform modules already initialized, skipping
Refreshing native plugins compatible for Editor in 0.28 ms, found 0 plugins.
Preloading 0 native plugins for Editor in 0.00 ms.
Unloading 1197 Unused Serialized files (Serialized files now loaded: 0)
System memory in use before: 83.5 MB.
System memory in use after: 83.6 MB.

Unloading 7 unused Assets to reduce memory usage. Loaded Objects now: 1794.
Total: 1.735600 ms (FindLiveObjects: 0.189300 ms CreateObjectMapping: 0.031600 ms MarkObjects: 1.484900 ms  DeleteObjects: 0.028400 ms)

========================================================================
Received Prepare
Registering precompiled user dll's ...
Registered in 0.001909 seconds.
Begin MonoManager ReloadAssembly
Symbol file LoadedFromMemory is not a mono symbol file
Symbol file LoadedFromMemory is not a mono symbol file
Native extension for WindowsStandalone target not found
Refreshing native plugins compatible for Editor in 0.31 ms, found 0 plugins.
Preloading 0 native plugins for Editor in 0.00 ms.
Invoked RoslynAnalysisRunner static constructor.
RoslynAnalysisRunner will not be running.
RoslynAnalysisRunner has terminated.
Mono: successfully reloaded assembly
- Completed reload, in  0.759 seconds
Platform modules already initialized, skipping
Refreshing native plugins compatible for Editor in 0.28 ms, found 0 plugins.
Preloading 0 native plugins for Editor in 0.00 ms.
Unloading 1197 Unused Serialized files (Serialized files now loaded: 0)
System memory in use before: 83.5 MB.
System memory in use after: 83.6 MB.

Unloading 7 unused Assets to reduce memory usage. Loaded Objects now: 1797.
Total: 1.700300 ms (FindLiveObjects: 0.176600 ms CreateObjectMapping: 0.029300 ms MarkObjects: 1.476100 ms  DeleteObjects: 0.017400 ms)

AssetImportWorkerClient::OnTransportError - code=2 error=End of file
